<?xml version="1.0" encoding="UTF-8"?>
<testsuite xmlns:xsi="http://www.w3.org/2001/XMLSchema-instance" xsi:noNamespaceSchemaLocation="https://maven.apache.org/surefire/maven-surefire-plugin/xsd/surefire-test-report-3.0.xsd" version="3.0" name="com.company.calculator.CalculatorTest" time="0.013" tests="5" errors="0" skipped="0" failures="0">
  <properties>
[...]
</properties>
  <testcase name="subtractsTwoNumbers" classname="com.company.calculator.CalculatorTest" time="0.005"/>
  <testcase name="addsTwoNumbers" classname="com.company.calculator.CalculatorTest" time="0"/>
  <testcase name="multipliesTwoNumbers" classname="com.company.calculator.CalculatorTest" time="0"/>
  <testcase name="dividesTwoNumbers" classname="com.company.calculator.CalculatorTest" time="0"/>
  <testcase name="divideByZero" classname="com.company.calculator.CalculatorTest" time="0.001"/>
</testsuite>